Removed Pin From Net: NetName=CT1-S1 Pin=C?-2
Removed Pin From Net: NetName=CT1-S1 Pin=C?-2
Removed Pin From Net: NetName=V1-L Pin=R?-1
Removed Pin From Net: NetName=V1-L Pin=R?-1
Removed Pin From Net: NetName=CT1-S1 Pin=R?-2
Removed Pin From Net: NetName=CT1-S1 Pin=R?-2
Removed Pin From Net: NetName=V1-N Pin=T?-2
Removed Pin From Net: NetName=V1-N Pin=T?-2
Added Component: Designator=C?(RAD-0.3)
Add component. Clean all parameters for all variants
Add component (AddParameter): Name = "LatestRevisionDate"; Value = "17-Jul-2002"; VariantName = "[No Variations]"
Add component (AddParameter): Name = "LatestRevisionNote"; Value = "Re-released for DXP Platform."; VariantName = "[No Variations]"
Add component (AddParameter): Name = "PackageDescription"; Value = "Radial Cap, Thru-Hole; 2 Leads; 0.3 in Pin Spacing"; VariantName = "[No Variations]"
Add component (AddParameter): Name = "PackageReference"; Value = "RAD-0.3"; VariantName = "[No Variations]"
Add component (AddParameter): Name = "Published"; Value = "8-Jun-2000"; VariantName = "[No Variations]"
Add component (AddParameter): Name = "Publisher"; Value = "Altium Limited"; VariantName = "[No Variations]"
Add component (AddParameter): Name = "Value"; Value = "100n"; VariantName = "[No Variations]"
Added Component: Designator=C?(RAD-0.3)
Add component. Clean all parameters for all variants
Add component (AddParameter): Name = "LatestRevisionDate"; Value = "17-Jul-2002"; VariantName = "[No Variations]"
Add component (AddParameter): Name = "LatestRevisionNote"; Value = "Re-released for DXP Platform."; VariantName = "[No Variations]"
Add component (AddParameter): Name = "PackageDescription"; Value = "Radial Cap, Thru-Hole; 2 Leads; 0.3 in Pin Spacing"; VariantName = "[No Variations]"
Add component (AddParameter): Name = "PackageReference"; Value = "RAD-0.3"; VariantName = "[No Variations]"
Add component (AddParameter): Name = "Published"; Value = "8-Jun-2000"; VariantName = "[No Variations]"
Add component (AddParameter): Name = "Publisher"; Value = "Altium Limited"; VariantName = "[No Variations]"
Add component (AddParameter): Name = "Value"; Value = "100n"; VariantName = "[No Variations]"
Added Component: Designator=C?(RAD-0.3)
Add component. Clean all parameters for all variants
Add component (AddParameter): Name = "LatestRevisionDate"; Value = "17-Jul-2002"; VariantName = "[No Variations]"
Add component (AddParameter): Name = "LatestRevisionNote"; Value = "Re-released for DXP Platform."; VariantName = "[No Variations]"
Add component (AddParameter): Name = "PackageDescription"; Value = "Radial Cap, Thru-Hole; 2 Leads; 0.3 in Pin Spacing"; VariantName = "[No Variations]"
Add component (AddParameter): Name = "PackageReference"; Value = "RAD-0.3"; VariantName = "[No Variations]"
Add component (AddParameter): Name = "Published"; Value = "8-Jun-2000"; VariantName = "[No Variations]"
Add component (AddParameter): Name = "Publisher"; Value = "Altium Limited"; VariantName = "[No Variations]"
Add component (AddParameter): Name = "Value"; Value = "100n"; VariantName = "[No Variations]"
Added Component: Designator=C?(RAD-0.3)
Add component. Clean all parameters for all variants
Add component (AddParameter): Name = "LatestRevisionDate"; Value = "17-Jul-2002"; VariantName = "[No Variations]"
Add component (AddParameter): Name = "LatestRevisionNote"; Value = "Re-released for DXP Platform."; VariantName = "[No Variations]"
Add component (AddParameter): Name = "PackageDescription"; Value = "Radial Cap, Thru-Hole; 2 Leads; 0.3 in Pin Spacing"; VariantName = "[No Variations]"
Add component (AddParameter): Name = "PackageReference"; Value = "RAD-0.3"; VariantName = "[No Variations]"
Add component (AddParameter): Name = "Published"; Value = "8-Jun-2000"; VariantName = "[No Variations]"
Add component (AddParameter): Name = "Publisher"; Value = "Altium Limited"; VariantName = "[No Variations]"
Add component (AddParameter): Name = "Value"; Value = "100n"; VariantName = "[No Variations]"
Added Component: Designator=C?(RAD-0.3)
Add component. Clean all parameters for all variants
Add component (AddParameter): Name = "LatestRevisionDate"; Value = "17-Jul-2002"; VariantName = "[No Variations]"
Add component (AddParameter): Name = "LatestRevisionNote"; Value = "Re-released for DXP Platform."; VariantName = "[No Variations]"
Add component (AddParameter): Name = "PackageDescription"; Value = "Radial Cap, Thru-Hole; 2 Leads; 0.3 in Pin Spacing"; VariantName = "[No Variations]"
Add component (AddParameter): Name = "PackageReference"; Value = "RAD-0.3"; VariantName = "[No Variations]"
Add component (AddParameter): Name = "Published"; Value = "8-Jun-2000"; VariantName = "[No Variations]"
Add component (AddParameter): Name = "Publisher"; Value = "Altium Limited"; VariantName = "[No Variations]"
Add component (AddParameter): Name = "Value"; Value = "100n"; VariantName = "[No Variations]"
Added Component: Designator=C?(RAD-0.3)
Add component. Clean all parameters for all variants
Add component (AddParameter): Name = "LatestRevisionDate"; Value = "17-Jul-2002"; VariantName = "[No Variations]"
Add component (AddParameter): Name = "LatestRevisionNote"; Value = "Re-released for DXP Platform."; VariantName = "[No Variations]"
Add component (AddParameter): Name = "PackageDescription"; Value = "Radial Cap, Thru-Hole; 2 Leads; 0.3 in Pin Spacing"; VariantName = "[No Variations]"
Add component (AddParameter): Name = "PackageReference"; Value = "RAD-0.3"; VariantName = "[No Variations]"
Add component (AddParameter): Name = "Published"; Value = "8-Jun-2000"; VariantName = "[No Variations]"
Add component (AddParameter): Name = "Publisher"; Value = "Altium Limited"; VariantName = "[No Variations]"
Add component (AddParameter): Name = "Value"; Value = "100n"; VariantName = "[No Variations]"
Added Component: Designator=J?(ESP32-WROOM-32E)
Add component. Clean all parameters for all variants
Add component (AddParameter): Name = "Availability"; Value = "In Stock"; VariantName = "[No Variations]"
Add component (AddParameter): Name = "Check_prices"; Value = "https://www.snapeda.com/parts/ESP32-WROOM-32E/Espressif+Systems/view-part/?ref=eda"; VariantName = "[No Variations]"
Add component (AddParameter): Name = "MF"; Value = "Espressif Systems"; VariantName = "[No Variations]"
Add component (AddParameter): Name = "MP"; Value = "ESP32-WROOM-32E"; VariantName = "[No Variations]"
Add component (AddParameter): Name = "Package"; Value = "SMD-44 Espressif Systems"; VariantName = "[No Variations]"
Add component (AddParameter): Name = "Price"; Value = "None"; VariantName = "[No Variations]"
Add component (AddParameter): Name = "SnapEDA_Link"; Value = "https://www.snapeda.com/parts/ESP32-WROOM-32E/Espressif+Systems/view-part/?ref=snap"; VariantName = "[No Variations]"
Add component (AddParameter): Name = "Value"; Value = ""; VariantName = "[No Variations]"
Added Pin To Net: NetName=CT1-S2 Pin=C?-1
Added Pin To Net: NetName=CT1-S2 Pin=C?-1
Added Pin To Net: NetName=CT1-S2 Pin=C?-1
Added Pin To Net: NetName=CT1-S2 Pin=C?-1
Added Pin To Net: NetName=CT1-S2 Pin=C?-1
Added Pin To Net: NetName=CT1-S2 Pin=C?-1
Added Pin To Net: NetName=NetC?_1 Pin=C?-2
Added Pin To Net: NetName=TX2 Pin=J?-28
Change Net Name : Old Net Name=NetC?_1 New Net Name=ADC_V1
Added Pin To Net: NetName=ADC_CT1 Pin=C?-1
Added Pin To Net: NetName=ADC_CT1 Pin=C?-2
Added Pin To Net: NetName=ADC_CT1 Pin=R?-1
Added Pin To Net: NetName=ADC_CT1 Pin=R?-2
Added Net: Name=ADC_CT1
Added Pin To Net: NetName=ADC_CT2 Pin=C?-1
Added Pin To Net: NetName=ADC_CT2 Pin=C?-2
Added Pin To Net: NetName=ADC_CT2 Pin=R?-1
Added Pin To Net: NetName=ADC_CT2 Pin=R?-2
Added Net: Name=ADC_CT2
Added Pin To Net: NetName=ADC_CT3 Pin=C?-1
Added Pin To Net: NetName=ADC_CT3 Pin=C?-2
Added Pin To Net: NetName=ADC_CT3 Pin=R?-1
Added Pin To Net: NetName=ADC_CT3 Pin=R?-2
Added Net: Name=ADC_CT3
Added Pin To Net: NetName=ADC_V2 Pin=C?-1
Added Pin To Net: NetName=ADC_V2 Pin=C?-2
Added Pin To Net: NetName=ADC_V2 Pin=R?-1
Added Pin To Net: NetName=ADC_V2 Pin=R?-2
Added Net: Name=ADC_V2
Added Pin To Net: NetName=ADC_V3 Pin=C?-1
Added Pin To Net: NetName=ADC_V3 Pin=C?-2
Added Pin To Net: NetName=ADC_V3 Pin=R?-1
Added Pin To Net: NetName=ADC_V3 Pin=R?-2
Added Net: Name=ADC_V3
Added Pin To Net: NetName=CT2-S1 Pin=C?-2
Added Pin To Net: NetName=CT2-S1 Pin=R?-2
Added Net: Name=CT2-S1
Added Pin To Net: NetName=CT3-S1 Pin=C?-2
Added Pin To Net: NetName=CT3-S1 Pin=R?-2
Added Net: Name=CT3-S1
Added Pin To Net: NetName=RX2 Pin=J?-27
Added Pin To Net: NetName=RX2 Pin=R?-1
Added Pin To Net: NetName=RX2 Pin=U?-1
Added Net: Name=RX2
Added Pin To Net: NetName=V2-L Pin=R?-1
Added Net: Name=V2-L
Added Pin To Net: NetName=V2-N Pin=T?-2
Added Net: Name=V2-N
Added Pin To Net: NetName=V3-L Pin=R?-1
Added Net: Name=V3-L
Added Pin To Net: NetName=V3-N Pin=T?-2
Added Net: Name=V3-N
Added Member To Class: ClassName=Energy_Monitor Member=Component C? Cap Pol1
Added Member To Class: ClassName=Energy_Monitor Member=Component C? Cap
Added Member To Class: ClassName=Energy_Monitor Member=Component C? Cap
Added Member To Class: ClassName=Energy_Monitor Member=Component C? Cap
Added Member To Class: ClassName=Energy_Monitor Member=Component C? Cap
Added Member To Class: ClassName=Energy_Monitor Member=Component C? Cap
Added Member To Class: ClassName=Energy_Monitor Member=Component C? Cap
Added Member To Class: ClassName=Energy_Monitor Member=Component C? Cap Pol1
Added Member To Class: ClassName=Energy_Monitor Member=Component C? Cap Pol1
Added Member To Class: ClassName=Energy_Monitor Member=Component C? Cap Pol1
Added Member To Class: ClassName=Energy_Monitor Member=Component C? Cap Pol1
Added Member To Class: ClassName=Energy_Monitor Member=Component J? ESP32-WROOM-32E
Added Member To Class: ClassName=Energy_Monitor Member=Component R? Res1
Added Member To Class: ClassName=Energy_Monitor Member=Component R? Res1
Added Member To Class: ClassName=Energy_Monitor Member=Component R? Res1
Added Member To Class: ClassName=Energy_Monitor Member=Component R? Res1
Added Member To Class: ClassName=Energy_Monitor Member=Component R? Res1
Added Member To Class: ClassName=Energy_Monitor Member=Component R? Res1
Added Member To Class: ClassName=Energy_Monitor Member=Component R? Res1
Added Member To Class: ClassName=Energy_Monitor Member=Component R? Res1
Added Member To Class: ClassName=Energy_Monitor Member=Component R? Res1
Added Member To Class: ClassName=Energy_Monitor Member=Component R? Res1
Added Member To Class: ClassName=Energy_Monitor Member=Component R? Res1
Added Member To Class: ClassName=Energy_Monitor Member=Component R? Res1
Added Member To Class: ClassName=Energy_Monitor Member=Component R? Res1
Added Member To Class: ClassName=Energy_Monitor Member=Component R? Res1
Added Member To Class: ClassName=Energy_Monitor Member=Component R? Res1
Added Member To Class: ClassName=Energy_Monitor Member=Component R? Res1
Added Member To Class: ClassName=Energy_Monitor Member=Component R? Res1
Added Member To Class: ClassName=Energy_Monitor Member=Component R? Res1
Added Member To Class: ClassName=Energy_Monitor Member=Component R? Res1
Added Member To Class: ClassName=Energy_Monitor Member=Component R? Res1
Added Member To Class: ClassName=Energy_Monitor Member=Component R? Res1
Added Member To Class: ClassName=Energy_Monitor Member=Component R? Res1
Added Member To Class: ClassName=Energy_Monitor Member=Component R? Res1
Added Member To Class: ClassName=Energy_Monitor Member=Component R? Res1
Added Member To Class: ClassName=Energy_Monitor Member=Component R? Res1
Added Member To Class: ClassName=Energy_Monitor Member=Component T? ZMPT101B
Added Member To Class: ClassName=Energy_Monitor Member=Component T? ZMPT101B
