Removed Pin From Net: NetName=CT1-S2 Pin=J?-1
Removed Pin From Net: NetName=CT1-S2 Pin=P?-1
Removed Pin From Net: NetName=CT1-S2 Pin=R?-1
Removed Pin From Net: NetName=CT1-S2 Pin=U?-5
Change Component Designator: OldDesignator=C? NewDesignator=C1
Change Component Designator: OldDesignator=C? NewDesignator=C2
Change Component Designator: OldDesignator=C? NewDesignator=C3
Change Component Designator: OldDesignator=C? NewDesignator=C4
Change Component Designator: OldDesignator=C? NewDesignator=C5
Change Component Designator: OldDesignator=C? NewDesignator=C6
Change Component Designator: OldDesignator=C? NewDesignator=C7
Change Component Designator: OldDesignator=C? NewDesignator=C8
Change Component Designator: OldDesignator=C? NewDesignator=C9
Change Component Designator: OldDesignator=C? NewDesignator=C10
Change Component Designator: OldDesignator=C? NewDesignator=C11
Change Component Designator: OldDesignator=C? NewDesignator=C12
Change Component Designator: OldDesignator=J? NewDesignator=J1
Change Component Designator: OldDesignator=P? NewDesignator=P2
Change Component Designator: OldDesignator=R? NewDesignator=R1
Change Component Designator: OldDesignator=R? NewDesignator=R2
Change Component Designator: OldDesignator=R? NewDesignator=R3
Change Component Designator: OldDesignator=R? NewDesignator=R4
Change Component Designator: OldDesignator=R? NewDesignator=R5
Change Component Designator: OldDesignator=R? NewDesignator=R6
Change Component Designator: OldDesignator=R? NewDesignator=R7
Change Component Designator: OldDesignator=R? NewDesignator=R8
Change Component Designator: OldDesignator=R? NewDesignator=R9
Change Component Designator: OldDesignator=R? NewDesignator=R10
Change Component Designator: OldDesignator=R? NewDesignator=R11
Change Component Designator: OldDesignator=R? NewDesignator=R13
Change Component Designator: OldDesignator=R? NewDesignator=R16
Change Component Designator: OldDesignator=R? NewDesignator=R17
Change Component Designator: OldDesignator=R? NewDesignator=R18
Change Component Designator: OldDesignator=R? NewDesignator=R19
Change Component Designator: OldDesignator=R? NewDesignator=R20
Change Component Designator: OldDesignator=R? NewDesignator=R21
Change Component Designator: OldDesignator=R? NewDesignator=R22
Change Component Designator: OldDesignator=R? NewDesignator=R23
Change Component Designator: OldDesignator=R? NewDesignator=R24
Change Component Designator: OldDesignator=R? NewDesignator=R25
Change Component Designator: OldDesignator=R? NewDesignator=R28
Change Component Designator: OldDesignator=R? NewDesignator=R29
Change Component Designator: OldDesignator=R? NewDesignator=R30
Change Component Designator: OldDesignator=R? NewDesignator=R31
Change Component Designator: OldDesignator=T? NewDesignator=T1
Change Component Designator: OldDesignator=T? NewDesignator=T2
Change Component Designator: OldDesignator=T? NewDesignator=T3
Change Component Designator: OldDesignator=U? NewDesignator=U1
Added Component: Designator=P1(HDR1X4)
Add component. Clean all parameters for all variants
Add component (AddParameter): Name = "LatestRevisionDate"; Value = "17-Jul-2002"; VariantName = "[No Variations]"
Add component (AddParameter): Name = "LatestRevisionNote"; Value = "Re-released for DXP Platform."; VariantName = "[No Variations]"
Add component (AddParameter): Name = "Publisher"; Value = "Altium Limited"; VariantName = "[No Variations]"
Added Component: Designator=R12(6-0805_N)
Add component. Clean all parameters for all variants
Add component (AddParameter): Name = "LatestRevisionDate"; Value = "17-Jul-2002"; VariantName = "[No Variations]"
Add component (AddParameter): Name = "LatestRevisionNote"; Value = "Re-released for DXP Platform."; VariantName = "[No Variations]"
Add component (AddParameter): Name = "PackageDescription"; Value = "Axial Device, Thru-Hole; 2 Leads; 0.3 in Pin Spacing"; VariantName = "[No Variations]"
Add component (AddParameter): Name = "PackageReference"; Value = "AXIAL-0.3"; VariantName = "[No Variations]"
Add component (AddParameter): Name = "Published"; Value = "8-Jun-2000"; VariantName = "[No Variations]"
Add component (AddParameter): Name = "Publisher"; Value = "Altium Limited"; VariantName = "[No Variations]"
Add component (AddParameter): Name = "Value"; Value = "120"; VariantName = "[No Variations]"
Added Component: Designator=R14(6-0805_N)
Add component. Clean all parameters for all variants
Add component (AddParameter): Name = "LatestRevisionDate"; Value = "17-Jul-2002"; VariantName = "[No Variations]"
Add component (AddParameter): Name = "LatestRevisionNote"; Value = "Re-released for DXP Platform."; VariantName = "[No Variations]"
Add component (AddParameter): Name = "PackageDescription"; Value = "Axial Device, Thru-Hole; 2 Leads; 0.3 in Pin Spacing"; VariantName = "[No Variations]"
Add component (AddParameter): Name = "PackageReference"; Value = "AXIAL-0.3"; VariantName = "[No Variations]"
Add component (AddParameter): Name = "Published"; Value = "8-Jun-2000"; VariantName = "[No Variations]"
Add component (AddParameter): Name = "Publisher"; Value = "Altium Limited"; VariantName = "[No Variations]"
Add component (AddParameter): Name = "Value"; Value = "4K7"; VariantName = "[No Variations]"
Added Component: Designator=R15(6-0805_N)
Add component. Clean all parameters for all variants
Add component (AddParameter): Name = "LatestRevisionDate"; Value = "17-Jul-2002"; VariantName = "[No Variations]"
Add component (AddParameter): Name = "LatestRevisionNote"; Value = "Re-released for DXP Platform."; VariantName = "[No Variations]"
Add component (AddParameter): Name = "PackageDescription"; Value = "Axial Device, Thru-Hole; 2 Leads; 0.3 in Pin Spacing"; VariantName = "[No Variations]"
Add component (AddParameter): Name = "PackageReference"; Value = "AXIAL-0.3"; VariantName = "[No Variations]"
Add component (AddParameter): Name = "Published"; Value = "8-Jun-2000"; VariantName = "[No Variations]"
Add component (AddParameter): Name = "Publisher"; Value = "Altium Limited"; VariantName = "[No Variations]"
Add component (AddParameter): Name = "Value"; Value = "4K7"; VariantName = "[No Variations]"
Added Component: Designator=R26(6-0805_N)
Add component. Clean all parameters for all variants
Add component (AddParameter): Name = "LatestRevisionDate"; Value = "17-Jul-2002"; VariantName = "[No Variations]"
Add component (AddParameter): Name = "LatestRevisionNote"; Value = "Re-released for DXP Platform."; VariantName = "[No Variations]"
Add component (AddParameter): Name = "PackageDescription"; Value = "Axial Device, Thru-Hole; 2 Leads; 0.3 in Pin Spacing"; VariantName = "[No Variations]"
Add component (AddParameter): Name = "PackageReference"; Value = "AXIAL-0.3"; VariantName = "[No Variations]"
Add component (AddParameter): Name = "Published"; Value = "8-Jun-2000"; VariantName = "[No Variations]"
Add component (AddParameter): Name = "Publisher"; Value = "Altium Limited"; VariantName = "[No Variations]"
Add component (AddParameter): Name = "Value"; Value = "10K"; VariantName = "[No Variations]"
Added Component: Designator=R27(6-0805_N)
Add component. Clean all parameters for all variants
Add component (AddParameter): Name = "LatestRevisionDate"; Value = "17-Jul-2002"; VariantName = "[No Variations]"
Add component (AddParameter): Name = "LatestRevisionNote"; Value = "Re-released for DXP Platform."; VariantName = "[No Variations]"
Add component (AddParameter): Name = "PackageDescription"; Value = "Axial Device, Thru-Hole; 2 Leads; 0.3 in Pin Spacing"; VariantName = "[No Variations]"
Add component (AddParameter): Name = "PackageReference"; Value = "AXIAL-0.3"; VariantName = "[No Variations]"
Add component (AddParameter): Name = "Published"; Value = "8-Jun-2000"; VariantName = "[No Variations]"
Add component (AddParameter): Name = "Publisher"; Value = "Altium Limited"; VariantName = "[No Variations]"
Add component (AddParameter): Name = "Value"; Value = "10K"; VariantName = "[No Variations]"
Added Component: Designator=R32(6-0805_N)
Add component. Clean all parameters for all variants
Add component (AddParameter): Name = "LatestRevisionDate"; Value = "17-Jul-2002"; VariantName = "[No Variations]"
Add component (AddParameter): Name = "LatestRevisionNote"; Value = "Re-released for DXP Platform."; VariantName = "[No Variations]"
Add component (AddParameter): Name = "PackageDescription"; Value = "Axial Device, Thru-Hole; 2 Leads; 0.3 in Pin Spacing"; VariantName = "[No Variations]"
Add component (AddParameter): Name = "PackageReference"; Value = "AXIAL-0.3"; VariantName = "[No Variations]"
Add component (AddParameter): Name = "Published"; Value = "8-Jun-2000"; VariantName = "[No Variations]"
Add component (AddParameter): Name = "Publisher"; Value = "Altium Limited"; VariantName = "[No Variations]"
Add component (AddParameter): Name = "Value"; Value = "0"; VariantName = "[No Variations]"
Added Component: Designator=R33(6-0805_N)
Add component. Clean all parameters for all variants
Add component (AddParameter): Name = "LatestRevisionDate"; Value = "17-Jul-2002"; VariantName = "[No Variations]"
Add component (AddParameter): Name = "LatestRevisionNote"; Value = "Re-released for DXP Platform."; VariantName = "[No Variations]"
Add component (AddParameter): Name = "PackageDescription"; Value = "Axial Device, Thru-Hole; 2 Leads; 0.3 in Pin Spacing"; VariantName = "[No Variations]"
Add component (AddParameter): Name = "PackageReference"; Value = "AXIAL-0.3"; VariantName = "[No Variations]"
Add component (AddParameter): Name = "Published"; Value = "8-Jun-2000"; VariantName = "[No Variations]"
Add component (AddParameter): Name = "Publisher"; Value = "Altium Limited"; VariantName = "[No Variations]"
Add component (AddParameter): Name = "Value"; Value = "0"; VariantName = "[No Variations]"
Added Component: Designator=R34(6-0805_N)
Add component. Clean all parameters for all variants
Add component (AddParameter): Name = "LatestRevisionDate"; Value = "17-Jul-2002"; VariantName = "[No Variations]"
Add component (AddParameter): Name = "LatestRevisionNote"; Value = "Re-released for DXP Platform."; VariantName = "[No Variations]"
Add component (AddParameter): Name = "PackageDescription"; Value = "Axial Device, Thru-Hole; 2 Leads; 0.3 in Pin Spacing"; VariantName = "[No Variations]"
Add component (AddParameter): Name = "PackageReference"; Value = "AXIAL-0.3"; VariantName = "[No Variations]"
Add component (AddParameter): Name = "Published"; Value = "8-Jun-2000"; VariantName = "[No Variations]"
Add component (AddParameter): Name = "Publisher"; Value = "Altium Limited"; VariantName = "[No Variations]"
Add component (AddParameter): Name = "Value"; Value = "0"; VariantName = "[No Variations]"
Added Pin To Net: NetName=+3V3 Pin=P1-1
Added Pin To Net: NetName=SDA Pin=P1-3
Added Pin To Net: NetName=SCL Pin=P1-4
Added Pin To Net: NetName=DATA_A Pin=R12-2
Added Pin To Net: NetName=SCL Pin=R14-1
Added Pin To Net: NetName=+3V3 Pin=R14-2
Added Pin To Net: NetName=SDA Pin=R15-1
Added Pin To Net: NetName=+3V3 Pin=R15-2
Added Pin To Net: NetName=ESP_EN Pin=R26-1
Added Pin To Net: NetName=+3V3 Pin=R26-2
Added Pin To Net: NetName=ESP_BOOT Pin=R27-1
Added Pin To Net: NetName=+3V3 Pin=R27-2
Added Pin To Net: NetName=ESP_EN Pin=R32-2
Added Pin To Net: NetName=ESP_BOOT Pin=R33-2
Added Pin To Net: NetName=CT1-S2 Pin=R34-2
Change Net Name : Old Net Name=NetC?_2 New Net Name=NetC1_2
Change Net Name : Old Net Name=NetR?_2 New Net Name=NetR7_2
Added Pin To Net: NetName=GND Pin=J1-1
Added Pin To Net: NetName=GND Pin=P1-2
Added Pin To Net: NetName=GND Pin=P2-1
Added Pin To Net: NetName=GND Pin=R13-1
Added Pin To Net: NetName=GND Pin=R32-1
Added Pin To Net: NetName=GND Pin=R33-1
Added Pin To Net: NetName=GND Pin=R34-1
Added Pin To Net: NetName=GND Pin=U1-5
Added Net: Name=GND
Added Pin To Net: NetName=NetC5_2 Pin=C5-2
Added Pin To Net: NetName=NetC5_2 Pin=R19-2
Added Pin To Net: NetName=NetC5_2 Pin=T2-3
Added Net: Name=NetC5_2
Added Pin To Net: NetName=NetC9_2 Pin=C9-2
Added Pin To Net: NetName=NetC9_2 Pin=R28-2
Added Pin To Net: NetName=NetC9_2 Pin=T3-3
Added Net: Name=NetC9_2
Added Pin To Net: NetName=NetR18_2 Pin=R18-2
Added Pin To Net: NetName=NetR18_2 Pin=T2-1
Added Net: Name=NetR18_2
Added Pin To Net: NetName=NetR25_2 Pin=R25-2
Added Pin To Net: NetName=NetR25_2 Pin=T3-1
Added Net: Name=NetR25_2
Added Pin To Net: NetName=RS485_E Pin=R12-1
Added Net: Name=RS485_E
Added Member To Class: ClassName=Energy_Monitor Member=Component C1 Cap Pol1
Added Member To Class: ClassName=Energy_Monitor Member=Component C2 Cap Pol1
Added Member To Class: ClassName=Energy_Monitor Member=Component C3 Cap
Added Member To Class: ClassName=Energy_Monitor Member=Component C4 Cap
Added Member To Class: ClassName=Energy_Monitor Member=Component C5 Cap Pol1
Added Member To Class: ClassName=Energy_Monitor Member=Component C6 Cap Pol1
Added Member To Class: ClassName=Energy_Monitor Member=Component C7 Cap
Added Member To Class: ClassName=Energy_Monitor Member=Component C8 Cap
Added Member To Class: ClassName=Energy_Monitor Member=Component C9 Cap Pol1
Added Member To Class: ClassName=Energy_Monitor Member=Component C10 Cap Pol1
Added Member To Class: ClassName=Energy_Monitor Member=Component C11 Cap
Added Member To Class: ClassName=Energy_Monitor Member=Component P1 Header 4
Added Member To Class: ClassName=Energy_Monitor Member=Component R1 Res1
Added Member To Class: ClassName=Energy_Monitor Member=Component R2 Res1
Added Member To Class: ClassName=Energy_Monitor Member=Component R3 Res1
Added Member To Class: ClassName=Energy_Monitor Member=Component R4 Res1
Added Member To Class: ClassName=Energy_Monitor Member=Component R6 Res1
Added Member To Class: ClassName=Energy_Monitor Member=Component R7 Res1
Added Member To Class: ClassName=Energy_Monitor Member=Component R8 Res1
Added Member To Class: ClassName=Energy_Monitor Member=Component R9 Res1
Added Member To Class: ClassName=Energy_Monitor Member=Component R10 Res1
Added Member To Class: ClassName=Energy_Monitor Member=Component R11 Res1
Added Member To Class: ClassName=Energy_Monitor Member=Component R12 Res1
Added Member To Class: ClassName=Energy_Monitor Member=Component R13 Res1
Added Member To Class: ClassName=Energy_Monitor Member=Component R14 Res1
Added Member To Class: ClassName=Energy_Monitor Member=Component R15 Res1
Added Member To Class: ClassName=Energy_Monitor Member=Component R16 Res1
Added Member To Class: ClassName=Energy_Monitor Member=Component R17 Res1
Added Member To Class: ClassName=Energy_Monitor Member=Component R18 Res1
Added Member To Class: ClassName=Energy_Monitor Member=Component R19 Res1
Added Member To Class: ClassName=Energy_Monitor Member=Component R20 Res1
Added Member To Class: ClassName=Energy_Monitor Member=Component R21 Res1
Added Member To Class: ClassName=Energy_Monitor Member=Component R22 Res1
Added Member To Class: ClassName=Energy_Monitor Member=Component R23 Res1
Added Member To Class: ClassName=Energy_Monitor Member=Component R24 Res1
Added Member To Class: ClassName=Energy_Monitor Member=Component R25 Res1
Added Member To Class: ClassName=Energy_Monitor Member=Component R26 Res1
Added Member To Class: ClassName=Energy_Monitor Member=Component R27 Res1
Added Member To Class: ClassName=Energy_Monitor Member=Component R28 Res1
Added Member To Class: ClassName=Energy_Monitor Member=Component R29 Res1
Added Member To Class: ClassName=Energy_Monitor Member=Component R30 Res1
Added Member To Class: ClassName=Energy_Monitor Member=Component R31 Res1
Added Member To Class: ClassName=Energy_Monitor Member=Component R32 Res1
Added Member To Class: ClassName=Energy_Monitor Member=Component R33 Res1
Added Member To Class: ClassName=Energy_Monitor Member=Component R34 Res1
Added Member To Class: ClassName=Energy_Monitor Member=Component T2 ZMPT101B
Added Member To Class: ClassName=Energy_Monitor Member=Component T3 ZMPT101B
