Added Component: Designator=P?(HDR1X6)
Add component. Clean all parameters for all variants
Add component (AddParameter): Name = "LatestRevisionDate"; Value = "17-Jul-2002"; VariantName = "[No Variations]"
Add component (AddParameter): Name = "LatestRevisionNote"; Value = "Re-released for DXP Platform."; VariantName = "[No Variations]"
Add component (AddParameter): Name = "Publisher"; Value = "Altium Limited"; VariantName = "[No Variations]"
Added Pin To Net: NetName=CT1-S2 Pin=J?-1
Added Pin To Net: NetName=+3V3 Pin=J?-2
Added Pin To Net: NetName=EN_485 Pin=J?-26
Added Pin To Net: NetName=CT1-S2 Pin=P?-1
Added Pin To Net: NetName=+3V3 Pin=P?-6
Change Net Name : Old Net Name=EN_485 New Net Name=485_EN
Added Pin To Net: NetName=ESP_BOOT Pin=J?-25
Added Pin To Net: NetName=ESP_BOOT Pin=P?-4
Added Net: Name=ESP_BOOT
Added Pin To Net: NetName=ESP_EN Pin=J?-3
Added Pin To Net: NetName=ESP_EN Pin=P?-5
Added Net: Name=ESP_EN
Added Pin To Net: NetName=RX0 Pin=J?-34
Added Pin To Net: NetName=RX0 Pin=P?-2
Added Net: Name=RX0
Added Pin To Net: NetName=SCL Pin=J?-36
Added Net: Name=SCL
Added Pin To Net: NetName=SDA Pin=J?-33
Added Net: Name=SDA
Added Pin To Net: NetName=TX0 Pin=J?-35
Added Pin To Net: NetName=TX0 Pin=P?-3
Added Net: Name=TX0
Added Member To Class: ClassName=Energy_Monitor Member=Component C? Cap
Added Member To Class: ClassName=Energy_Monitor Member=Component C? Cap
Added Member To Class: ClassName=Energy_Monitor Member=Component C? Cap
Added Member To Class: ClassName=Energy_Monitor Member=Component C? Cap Pol1
Added Member To Class: ClassName=Energy_Monitor Member=Component C? Cap Pol1
Added Member To Class: ClassName=Energy_Monitor Member=Component C? Cap Pol1
Added Member To Class: ClassName=Energy_Monitor Member=Component C? Cap Pol1
Added Member To Class: ClassName=Energy_Monitor Member=Component C? Cap Pol1
Added Member To Class: ClassName=Energy_Monitor Member=Component C? Cap
Added Member To Class: ClassName=Energy_Monitor Member=Component C? Cap
Added Member To Class: ClassName=Energy_Monitor Member=Component C? Cap
Added Member To Class: ClassName=Energy_Monitor Member=Component P? Header 6
Added Member To Class: ClassName=Energy_Monitor Member=Component R? Res1
Added Member To Class: ClassName=Energy_Monitor Member=Component R? Res1
Added Member To Class: ClassName=Energy_Monitor Member=Component R? Res1
Added Member To Class: ClassName=Energy_Monitor Member=Component R? Res1
Added Member To Class: ClassName=Energy_Monitor Member=Component R? Res1
Added Member To Class: ClassName=Energy_Monitor Member=Component R? Res1
Added Member To Class: ClassName=Energy_Monitor Member=Component R? Res1
Added Member To Class: ClassName=Energy_Monitor Member=Component R? Res1
Added Member To Class: ClassName=Energy_Monitor Member=Component R? Res1
Added Member To Class: ClassName=Energy_Monitor Member=Component R? Res1
Added Member To Class: ClassName=Energy_Monitor Member=Component R? Res1
Added Member To Class: ClassName=Energy_Monitor Member=Component R? Res1
Added Member To Class: ClassName=Energy_Monitor Member=Component R? Res1
Added Member To Class: ClassName=Energy_Monitor Member=Component R? Res1
Added Member To Class: ClassName=Energy_Monitor Member=Component R? Res1
Added Member To Class: ClassName=Energy_Monitor Member=Component R? Res1
Added Member To Class: ClassName=Energy_Monitor Member=Component R? Res1
Added Member To Class: ClassName=Energy_Monitor Member=Component R? Res1
Added Member To Class: ClassName=Energy_Monitor Member=Component R? Res1
Added Member To Class: ClassName=Energy_Monitor Member=Component R? Res1
Added Member To Class: ClassName=Energy_Monitor Member=Component R? Res1
Added Member To Class: ClassName=Energy_Monitor Member=Component R? Res1
Added Member To Class: ClassName=Energy_Monitor Member=Component R? Res1
Added Member To Class: ClassName=Energy_Monitor Member=Component R? Res1
Added Member To Class: ClassName=Energy_Monitor Member=Component R? Res1
Added Member To Class: ClassName=Energy_Monitor Member=Component T? ZMPT101B
Added Member To Class: ClassName=Energy_Monitor Member=Component T? ZMPT101B
