Added Component: Designator=J1(ESP32-WROOM-32E)
Add component. Clean all parameters for all variants
Add component (AddParameter): Name = "Availability"; Value = "In Stock"; VariantName = "[No Variations]"
Add component (AddParameter): Name = "Check_prices"; Value = "https://www.snapeda.com/parts/ESP32-WROOM-32E/Espressif+Systems/view-part/?ref=eda"; VariantName = "[No Variations]"
Add component (AddParameter): Name = "MF"; Value = "Espressif Systems"; VariantName = "[No Variations]"
Add component (AddParameter): Name = "MP"; Value = "ESP32-WROOM-32E"; VariantName = "[No Variations]"
Add component (AddParameter): Name = "Package"; Value = "SMD-44 Espressif Systems"; VariantName = "[No Variations]"
Add component (AddParameter): Name = "Price"; Value = "None"; VariantName = "[No Variations]"
Add component (AddParameter): Name = "SnapEDA_Link"; Value = "https://www.snapeda.com/parts/ESP32-WROOM-32E/Espressif+Systems/view-part/?ref=snap"; VariantName = "[No Variations]"
Add component (AddParameter): Name = "Value"; Value = ""; VariantName = "[No Variations]"
Added Pin To Net: NetName=GND Pin=J1-1
Added Pin To Net: NetName=+3V3 Pin=J1-2
Added Pin To Net: NetName=ESP_EN Pin=J1-3
Added Pin To Net: NetName=ADC_V1 Pin=J1-4
Added Pin To Net: NetName=ADC_V2 Pin=J1-5
Added Pin To Net: NetName=ADC_V3 Pin=J1-6
Added Pin To Net: NetName=ADC_CT1 Pin=J1-7
Added Pin To Net: NetName=ADC_CT2 Pin=J1-8
Added Pin To Net: NetName=ADC_CT3 Pin=J1-9
Added Pin To Net: NetName=ESP_BOOT Pin=J1-25
Added Pin To Net: NetName=485_EN Pin=J1-26
Added Pin To Net: NetName=RX2 Pin=J1-27
Added Pin To Net: NetName=TX2 Pin=J1-28
Added Pin To Net: NetName=SDA Pin=J1-33
Added Pin To Net: NetName=RX0 Pin=J1-34
Added Pin To Net: NetName=TX0 Pin=J1-35
Added Pin To Net: NetName=SCL Pin=J1-36
Added Member To Class: ClassName=Energy_Monitor Member=Component J1 ESP32-WROOM-32E
