Change Component Footprint: Designator=C? Old Footprint=RAD-0.3 New Footprint=6-0805_N
Change Component Footprint: Designator=C? Old Footprint=RAD-0.3 New Footprint=6-0805_N
Change Component Footprint: Designator=C? Old Footprint=RAD-0.3 New Footprint=6-0805_N
Change Component Footprint: Designator=C? Old Footprint=RAD-0.3 New Footprint=6-0805_N
Change Component Footprint: Designator=C? Old Footprint=RAD-0.3 New Footprint=6-0805_N
Change Component Footprint: Designator=C? Old Footprint=RAD-0.3 New Footprint=6-0805_N
Added Member To Class: ClassName=Energy_Monitor Member=Component C? Cap
Added Member To Class: ClassName=Energy_Monitor Member=Component C? Cap
Added Member To Class: ClassName=Energy_Monitor Member=Component C? Cap
Added Member To Class: ClassName=Energy_Monitor Member=Component C? Cap
Added Member To Class: ClassName=Energy_Monitor Member=Component C? Cap Pol1
Added Member To Class: ClassName=Energy_Monitor Member=Component C? Cap Pol1
Added Member To Class: ClassName=Energy_Monitor Member=Component C? Cap Pol1
Added Member To Class: ClassName=Energy_Monitor Member=Component C? Cap Pol1
Added Member To Class: ClassName=Energy_Monitor Member=Component C? Cap
Added Member To Class: ClassName=Energy_Monitor Member=Component C? Cap
Added Member To Class: ClassName=Energy_Monitor Member=Component C? Cap Pol1
Added Member To Class: ClassName=Energy_Monitor Member=Component R? Res1
Added Member To Class: ClassName=Energy_Monitor Member=Component R? Res1
Added Member To Class: ClassName=Energy_Monitor Member=Component R? Res1
Added Member To Class: ClassName=Energy_Monitor Member=Component R? Res1
Added Member To Class: ClassName=Energy_Monitor Member=Component R? Res1
Added Member To Class: ClassName=Energy_Monitor Member=Component R? Res1
Added Member To Class: ClassName=Energy_Monitor Member=Component R? Res1
Added Member To Class: ClassName=Energy_Monitor Member=Component R? Res1
Added Member To Class: ClassName=Energy_Monitor Member=Component R? Res1
Added Member To Class: ClassName=Energy_Monitor Member=Component R? Res1
Added Member To Class: ClassName=Energy_Monitor Member=Component R? Res1
Added Member To Class: ClassName=Energy_Monitor Member=Component R? Res1
Added Member To Class: ClassName=Energy_Monitor Member=Component R? Res1
Added Member To Class: ClassName=Energy_Monitor Member=Component R? Res1
Added Member To Class: ClassName=Energy_Monitor Member=Component R? Res1
Added Member To Class: ClassName=Energy_Monitor Member=Component R? Res1
Added Member To Class: ClassName=Energy_Monitor Member=Component R? Res1
Added Member To Class: ClassName=Energy_Monitor Member=Component R? Res1
Added Member To Class: ClassName=Energy_Monitor Member=Component R? Res1
Added Member To Class: ClassName=Energy_Monitor Member=Component R? Res1
Added Member To Class: ClassName=Energy_Monitor Member=Component R? Res1
Added Member To Class: ClassName=Energy_Monitor Member=Component R? Res1
Added Member To Class: ClassName=Energy_Monitor Member=Component R? Res1
Added Member To Class: ClassName=Energy_Monitor Member=Component R? Res1
Added Member To Class: ClassName=Energy_Monitor Member=Component R? Res1
Added Member To Class: ClassName=Energy_Monitor Member=Component T? ZMPT101B
Added Member To Class: ClassName=Energy_Monitor Member=Component T? ZMPT101B
